\BOOKMARK [0][]{chapter*.1}{Acknowledgements}{}% 1
\BOOKMARK [0][]{chapter*.2}{Resumo}{}% 2
\BOOKMARK [0][]{chapter*.3}{Abstract}{}% 3
\BOOKMARK [0][]{chapter*.5}{List of Acronyms}{}% 4
\BOOKMARK [0][]{chapter*.6}{List of Figures}{}% 5
\BOOKMARK [0][]{chapter*.7}{List of Tables}{}% 6
\BOOKMARK [0][]{chapter.1}{1 Introduction}{}% 7
\BOOKMARK [1][]{section.1.1}{1.1 Context}{chapter.1}% 8
\BOOKMARK [1][]{section.1.2}{1.2 Objectives}{chapter.1}% 9
\BOOKMARK [1][]{section.1.3}{1.3 Requirement Analysis}{chapter.1}% 10
\BOOKMARK [1][]{section.1.4}{1.4 Thesis Structure}{chapter.1}% 11
\BOOKMARK [0][]{chapter.2}{2 State of the Art}{}% 12
\BOOKMARK [1][]{section.2.1}{2.1 Internet of Things}{chapter.2}% 13
\BOOKMARK [2][]{subsection.2.1.1}{2.1.1 What is IoT?}{section.2.1}% 14
\BOOKMARK [1][]{section.2.2}{2.2 An IoT Reference Model for Pervasive Healthcare Applications}{chapter.2}% 15
\BOOKMARK [2][]{subsection.2.2.1}{2.2.1 Layer 1: Physical Devices and Controllers}{section.2.2}% 16
\BOOKMARK [2][]{subsection.2.2.2}{2.2.2 Layer 2: Connectivity}{section.2.2}% 17
\BOOKMARK [2][]{subsection.2.2.3}{2.2.3 Layer 3: Edge \(Fog\) Computing}{section.2.2}% 18
\BOOKMARK [2][]{subsection.2.2.4}{2.2.4 Layer 4: Data Accumulation}{section.2.2}% 19
\BOOKMARK [2][]{subsection.2.2.5}{2.2.5 Layer 5: Data Abstraction}{section.2.2}% 20
\BOOKMARK [2][]{subsection.2.2.6}{2.2.6 Layer 6: Application}{section.2.2}% 21
\BOOKMARK [2][]{subsection.2.2.7}{2.2.7 Layer 7: Collaboration and Processes}{section.2.2}% 22
\BOOKMARK [1][]{section.2.3}{2.3 Similar approaches}{chapter.2}% 23
\BOOKMARK [2][]{subsection.2.3.1}{2.3.1 Comparative Analysis}{section.2.3}% 24
\BOOKMARK [2][]{subsection.2.3.2}{2.3.2 Weaknesses of literature}{section.2.3}% 25
\BOOKMARK [1][]{section.2.4}{2.4 Statement of Contributions}{chapter.2}% 26
\BOOKMARK [0][]{chapter*.36}{Bibliography}{}% 27
\BOOKMARK [0][]{appendix.A}{A My cool appendix!}{}% 28
